This file contains any messages produced by compilers while
running configure, to aid debugging if configure makes a mistake.

It was created by GNU diffutils configure 2.8.1, which was
generated by GNU Autoconf 2.53.  Invocation command line was

  $ ./configure --prefix=/home/ericlee/projects/input3/binaries/

## --------- ##
## Platform. ##
## --------- ##

hostname = ericlee-ThinkPad-P51
uname -m = x86_64
uname -r = 4.15.0-39-generic
uname -s = Linux
uname -v = #42~16.04.1-Ubuntu SMP Wed Oct 24 17:09:54 UTC 2018

/usr/bin/uname -p = unknown
/bin/uname -X     = unknown

/bin/arch              = unknown
/usr/bin/arch -k       = unknown
/usr/convex/getsysinfo = unknown
hostinfo               = unknown
/bin/machine           = unknown
/usr/bin/oslevel       = unknown
/bin/universe          = unknown

PATH: /home/ericlee/bin
PATH: /home/ericlee/.local/bin
PATH: /usr/local/sbin
PATH: /usr/local/bin
PATH: /usr/sbin
PATH: /usr/bin
PATH: /sbin
PATH: /bin
PATH: /usr/games
PATH: /usr/local/games
PATH: /snap/bin


## ----------- ##
## Core tests. ##
## ----------- ##

configure:1275: checking for a BSD-compatible install
configure:1329: result: /usr/bin/install -c
configure:1340: checking whether build environment is sane
configure:1383: result: yes
configure:1416: checking for gawk
configure:1445: result: no
configure:1416: checking for mawk
configure:1432: found /usr/bin/mawk
configure:1442: result: mawk
configure:1452: checking whether make sets ${MAKE}
configure:1472: result: yes
configure:1622: checking for gawk
configure:1648: result: mawk
configure:1704: checking for gcc
configure:1720: found /usr/bin/gcc
configure:1730: result: gcc
configure:1974: checking for C compiler version
configure:1977: gcc --version </dev/null >&5
gcc (Ubuntu 5.4.0-6ubuntu1~16.04.10) 5.4.0 20160609
Copyright (C) 2015 Free Software Foundation, Inc.
This is free software; see the source for copying conditions.  There is NO
warranty; not even for MERCHANTABILITY or FITNESS FOR A PARTICULAR PURPOSE.

configure:1980: $? = 0
configure:1982: gcc -v </dev/null >&5
Using built-in specs.
COLLECT_GCC=gcc
COLLECT_LTO_WRAPPER=/usr/lib/gcc/x86_64-linux-gnu/5/lto-wrapper
Target: x86_64-linux-gnu
Configured with: ../src/configure -v --with-pkgversion='Ubuntu 5.4.0-6ubuntu1~16.04.10' --with-bugurl=file:///usr/share/doc/gcc-5/README.Bugs --enable-languages=c,ada,c++,java,go,d,fortran,objc,obj-c++ --prefix=/usr --program-suffix=-5 --enable-shared --enable-linker-build-id --libexecdir=/usr/lib --without-included-gettext --enable-threads=posix --libdir=/usr/lib --enable-nls --with-sysroot=/ --enable-clocale=gnu --enable-libstdcxx-debug --enable-libstdcxx-time=yes --with-default-libstdcxx-abi=new --enable-gnu-unique-object --disable-vtable-verify --enable-libmpx --enable-plugin --with-system-zlib --disable-browser-plugin --enable-java-awt=gtk --enable-gtk-cairo --with-java-home=/usr/lib/jvm/java-1.5.0-gcj-5-amd64/jre --enable-java-home --with-jvm-root-dir=/usr/lib/jvm/java-1.5.0-gcj-5-amd64 --with-jvm-jar-dir=/usr/lib/jvm-exports/java-1.5.0-gcj-5-amd64 --with-arch-directory=amd64 --with-ecj-jar=/usr/share/java/eclipse-ecj.jar --enable-objc-gc --enable-multiarch --disable-werror --with-arch-32=i686 --with-abi=m64 --with-multilib-list=m32,m64,mx32 --enable-multilib --with-tune=generic --enable-checking=release --build=x86_64-linux-gnu --host=x86_64-linux-gnu --target=x86_64-linux-gnu
Thread model: posix
gcc version 5.4.0 20160609 (Ubuntu 5.4.0-6ubuntu1~16.04.10) 
configure:1985: $? = 0
configure:1987: gcc -V </dev/null >&5
gcc: error: unrecognized command line option '-V'
gcc: fatal error: no input files
compilation terminated.
configure:1990: $? = 1
configure:2016: checking for C compiler default output
configure:2019: gcc -O1 -I/usr/include -g  -L/usr/lib conftest.c  >&5
configure:2022: $? = 0
configure:2055: result: a.out
configure:2060: checking whether the C compiler works
configure:2066: ./a.out
configure:2069: $? = 0
configure:2084: result: yes
configure:2091: checking whether we are cross compiling
configure:2093: result: no
configure:2096: checking for suffix of executables
configure:2098: gcc -o conftest -O1 -I/usr/include -g  -L/usr/lib conftest.c  >&5
configure:2101: $? = 0
configure:2123: result: 
configure:2129: checking for suffix of object files
configure:2153: gcc -c -O1 -I/usr/include -g  conftest.c >&5
configure:2156: $? = 0
configure:2175: result: o
configure:2179: checking whether we are using the GNU C compiler
configure:2206: gcc -c -O1 -I/usr/include -g  conftest.c >&5
configure:2209: $? = 0
configure:2212: test -s conftest.o
configure:2215: $? = 0
configure:2227: result: yes
configure:2233: checking whether gcc accepts -g
configure:2257: gcc -c -g  conftest.c >&5
configure:2260: $? = 0
configure:2263: test -s conftest.o
configure:2266: $? = 0
configure:2276: result: yes
configure:2303: gcc -c -O1 -I/usr/include -g  conftest.c >&5
conftest.c:2:3: error: unknown type name 'choke'
   choke me
   ^
conftest.c:2:3: error: expected '=', ',', ';', 'asm' or '__attribute__' at end of input
configure:2306: $? = 1
configure: failed program was:
#ifndef __cplusplus
  choke me
#endif
configure:2435: checking for style of include used by make
configure:2463: result: GNU
configure:2491: checking dependency style of gcc
configure:2553: result: gcc3
configure:2560: checking for strerror in -lcposix
configure:2593: gcc -o conftest -O1 -I/usr/include -g  -L/usr/lib conftest.c -lcposix   >&5
/usr/bin/ld: cannot find -lcposix
collect2: error: ld returned 1 exit status
configure:2596: $? = 1
configure: failed program was:
#line 2567 "configure"
#include "confdefs.h"

/* Override any gcc2 internal prototype to avoid an error.  */
#ifdef __cplusplus
extern "C"
#endif
/* We use char because int might match the return type of a gcc2
   builtin and then its argument prototype would still apply.  */
char strerror ();
#ifdef F77_DUMMY_MAIN
#  ifdef __cplusplus
     extern "C"
#  endif
   int F77_DUMMY_MAIN() { return 1; }
#endif
int
main ()
{
strerror ();
  ;
  return 0;
}
configure:2613: result: no
configure:2624: checking for gcc option to accept ANSI C
configure:2690: gcc  -c -O1 -I/usr/include -g  conftest.c >&5
configure:2693: $? = 0
configure:2696: test -s conftest.o
configure:2699: $? = 0
configure:2713: result: none needed
configure:2729: checking how to run the C preprocessor
configure:2755: gcc -E  conftest.c
configure:2761: $? = 0
configure:2788: gcc -E  conftest.c
configure:2784:28: fatal error: ac_nonexistent.h: No such file or directory
compilation terminated.
configure:2794: $? = 1
configure: failed program was:
#line 2783 "configure"
#include "confdefs.h"
#include <ac_nonexistent.h>
configure:2831: result: gcc -E
configure:2846: gcc -E  conftest.c
configure:2852: $? = 0
configure:2879: gcc -E  conftest.c
configure:2875:28: fatal error: ac_nonexistent.h: No such file or directory
compilation terminated.
configure:2885: $? = 1
configure: failed program was:
#line 2874 "configure"
#include "confdefs.h"
#include <ac_nonexistent.h>
configure:2939: checking for a BSD-compatible install
configure:2993: result: /usr/bin/install -c
configure:3045: checking for ranlib
configure:3061: found /usr/bin/ranlib
configure:3072: result: ranlib
configure:3113: checking for special C compiler options needed for large files
configure:3193: result: no
configure:3199: checking for _FILE_OFFSET_BITS value needed for large files
configure:3233: gcc -c -O1 -I/usr/include -g  conftest.c >&5
configure:3236: $? = 0
configure:3239: test -s conftest.o
configure:3242: $? = 0
configure:3298: result: no
configure:3308: checking for _LARGE_FILES value needed for large files
configure:3342: gcc -c -O1 -I/usr/include -g  conftest.c >&5
configure:3345: $? = 0
configure:3348: test -s conftest.o
configure:3351: $? = 0
configure:3407: result: no
configure:3420: checking for gcc option to accept ANSI C
configure:3483: gcc  -c -O1 -I/usr/include -g  conftest.c >&5
configure:3486: $? = 0
configure:3489: test -s conftest.o
configure:3492: $? = 0
configure:3509: result: none needed
configure:3517: checking for an ANSI C-conforming const
configure:3587: gcc -c -O1 -I/usr/include -g  conftest.c >&5
configure:3590: $? = 0
configure:3593: test -s conftest.o
configure:3596: $? = 0
configure:3606: result: yes
configure:3616: checking for inline
configure:3633: gcc -c -O1 -I/usr/include -g  conftest.c >&5
configure:3636: $? = 0
configure:3639: test -s conftest.o
configure:3642: $? = 0
configure:3653: result: inline
configure:3669: checking for variable-length arrays
configure:3693: gcc -c -O1 -I/usr/include -g  conftest.c >&5
configure:3696: $? = 0
configure:3699: test -s conftest.o
configure:3702: $? = 0
configure:3712: result: yes
configure:3737: checking for pr
configure:3755: found /usr/bin/pr
configure:3768: result: /usr/bin/pr
configure:3781: checking for stdbool.h that conforms to C99
configure:3831: gcc -c -O1 -I/usr/include -g  conftest.c >&5
configure:3807:4: warning: variably modified 'd' at file scope
    char b[false == 0 ? 1 : -1];
    ^
configure:3808:4: warning: variably modified 'e' at file scope
    char c[__bool_true_false_are_defined == 1 ? 1 : -1];
    ^
configure:3809:4: warning: variably modified 'f' at file scope
    char d[(bool) -0.5 == true ? 1 : -1];
    ^
configure:3834: $? = 0
configure:3837: test -s conftest.o
configure:3840: $? = 0
configure:3850: result: yes
configure:3860: checking for ANSI C header files
configure:3874: gcc -E  conftest.c
configure:3880: $? = 0
configure:3967: gcc -o conftest -O1 -I/usr/include -g  -L/usr/lib conftest.c  >&5
configure: In function 'main':
configure:3958:7: warning: implicit declaration of function 'exit' [-Wimplicit-function-declaration]
   int i;
       ^
configure:3958:7: warning: incompatible implicit declaration of built-in function 'exit'
configure:3958:7: note: include '<stdlib.h>' or provide a declaration of 'exit'
configure:3959:3: warning: incompatible implicit declaration of built-in function 'exit'
   for (i = 0; i < 256; i++)
   ^
configure:3959:3: note: include '<stdlib.h>' or provide a declaration of 'exit'
configure:3970: $? = 0
configure:3972: ./conftest
configure:3975: $? = 0
configure:3989: result: yes
configure:4013: checking for sys/types.h
configure:4026: gcc -c -O1 -I/usr/include -g  conftest.c >&5
configure:4029: $? = 0
configure:4032: test -s conftest.o
configure:4035: $? = 0
configure:4045: result: yes
configure:4013: checking for sys/stat.h
configure:4026: gcc -c -O1 -I/usr/include -g  conftest.c >&5
configure:4029: $? = 0
configure:4032: test -s conftest.o
configure:4035: $? = 0
configure:4045: result: yes
configure:4013: checking for stdlib.h
configure:4026: gcc -c -O1 -I/usr/include -g  conftest.c >&5
configure:4029: $? = 0
configure:4032: test -s conftest.o
configure:4035: $? = 0
configure:4045: result: yes
configure:4013: checking for string.h
configure:4026: gcc -c -O1 -I/usr/include -g  conftest.c >&5
configure:4029: $? = 0
configure:4032: test -s conftest.o
configure:4035: $? = 0
configure:4045: result: yes
configure:4013: checking for memory.h
configure:4026: gcc -c -O1 -I/usr/include -g  conftest.c >&5
configure:4029: $? = 0
configure:4032: test -s conftest.o
configure:4035: $? = 0
configure:4045: result: yes
configure:4013: checking for strings.h
configure:4026: gcc -c -O1 -I/usr/include -g  conftest.c >&5
configure:4029: $? = 0
configure:4032: test -s conftest.o
configure:4035: $? = 0
configure:4045: result: yes
configure:4013: checking for inttypes.h
configure:4026: gcc -c -O1 -I/usr/include -g  conftest.c >&5
configure:4029: $? = 0
configure:4032: test -s conftest.o
configure:4035: $? = 0
configure:4045: result: yes
configure:4013: checking for stdint.h
configure:4026: gcc -c -O1 -I/usr/include -g  conftest.c >&5
configure:4029: $? = 0
configure:4032: test -s conftest.o
configure:4035: $? = 0
configure:4045: result: yes
configure:4013: checking for unistd.h
configure:4026: gcc -c -O1 -I/usr/include -g  conftest.c >&5
configure:4029: $? = 0
configure:4032: test -s conftest.o
configure:4035: $? = 0
configure:4045: result: yes
configure:4080: checking fcntl.h usability
configure:4089: gcc -c -O1 -I/usr/include -g  conftest.c >&5
configure:4092: $? = 0
configure:4095: test -s conftest.o
configure:4098: $? = 0
configure:4107: result: yes
configure:4111: checking fcntl.h presence
configure:4118: gcc -E  conftest.c
configure:4124: $? = 0
configure:4142: result: yes
configure:4160: checking for fcntl.h
configure:4167: result: yes
configure:4080: checking libintl.h usability
configure:4089: gcc -c -O1 -I/usr/include -g  conftest.c >&5
configure:4092: $? = 0
configure:4095: test -s conftest.o
configure:4098: $? = 0
configure:4107: result: yes
configure:4111: checking libintl.h presence
configure:4118: gcc -E  conftest.c
configure:4124: $? = 0
configure:4142: result: yes
configure:4160: checking for libintl.h
configure:4167: result: yes
configure:4080: checking limits.h usability
configure:4089: gcc -c -O1 -I/usr/include -g  conftest.c >&5
configure:4092: $? = 0
configure:4095: test -s conftest.o
configure:4098: $? = 0
configure:4107: result: yes
configure:4111: checking limits.h presence
configure:4118: gcc -E  conftest.c
configure:4124: $? = 0
configure:4142: result: yes
configure:4160: checking for limits.h
configure:4167: result: yes
configure:4080: checking locale.h usability
configure:4089: gcc -c -O1 -I/usr/include -g  conftest.c >&5
configure:4092: $? = 0
configure:4095: test -s conftest.o
configure:4098: $? = 0
configure:4107: result: yes
configure:4111: checking locale.h presence
configure:4118: gcc -E  conftest.c
configure:4124: $? = 0
configure:4142: result: yes
configure:4160: checking for locale.h
configure:4167: result: yes
configure:4071: checking for stdlib.h
configure:4076: result: yes
configure:4071: checking for string.h
configure:4076: result: yes
configure:4080: checking sys/file.h usability
configure:4089: gcc -c -O1 -I/usr/include -g  conftest.c >&5
configure:4092: $? = 0
configure:4095: test -s conftest.o
configure:4098: $? = 0
configure:4107: result: yes
configure:4111: checking sys/file.h presence
configure:4118: gcc -E  conftest.c
configure:4124: $? = 0
configure:4142: result: yes
configure:4160: checking for sys/file.h
configure:4167: result: yes
configure:4080: checking time.h usability
configure:4089: gcc -c -O1 -I/usr/include -g  conftest.c >&5
configure:4092: $? = 0
configure:4095: test -s conftest.o
configure:4098: $? = 0
configure:4107: result: yes
configure:4111: checking time.h presence
configure:4118: gcc -E  conftest.c
configure:4124: $? = 0
configure:4142: result: yes
configure:4160: checking for time.h
configure:4167: result: yes
configure:4071: checking for unistd.h
configure:4076: result: yes
configure:4180: checking for struct stat.st_blksize
configure:4206: gcc -c -O1 -I/usr/include -g  conftest.c >&5
configure:4209: $? = 0
configure:4212: test -s conftest.o
configure:4215: $? = 0
configure:4225: result: yes
configure:4236: checking for struct stat.st_rdev
configure:4262: gcc -c -O1 -I/usr/include -g  conftest.c >&5
configure:4265: $? = 0
configure:4268: test -s conftest.o
configure:4271: $? = 0
configure:4281: result: yes
configure:4292: checking for ptrdiff_t
configure:4319: gcc -c -O1 -I/usr/include -g  conftest.c >&5
configure:4322: $? = 0
configure:4325: test -s conftest.o
configure:4328: $? = 0
configure:4338: result: yes
configure:4350: checking for ssize_t
configure:4377: gcc -c -O1 -I/usr/include -g  conftest.c >&5
configure:4380: $? = 0
configure:4383: test -s conftest.o
configure:4386: $? = 0
configure:4396: result: yes
configure:4409: checking for unsigned long long
configure:4434: gcc -o conftest -O1 -I/usr/include -g  -L/usr/lib conftest.c  >&5
configure:4437: $? = 0
configure:4440: test -s conftest
configure:4443: $? = 0
configure:4453: result: yes
configure:4465: checking for uintmax_t
configure:4492: gcc -c -O1 -I/usr/include -g  conftest.c >&5
configure:4495: $? = 0
configure:4498: test -s conftest.o
configure:4501: $? = 0
configure:4511: result: yes
configure:4542: checking for msgfmt
configure:4570: result: /usr/bin/msgfmt
configure:4579: checking for gmsgfmt
configure:4610: result: /usr/bin/msgfmt
configure:4620: checking for xgettext
configure:4648: result: /usr/bin/xgettext
configure:4659: checking for msgmerge
configure:4686: result: /usr/bin/msgmerge
configure:4743: checking build system type
configure:4761: result: x86_64-unknown-linux-gnu
configure:4769: checking host system type
configure:4783: result: x86_64-unknown-linux-gnu
configure:4802: checking for ld used by GCC
configure:4865: result: /usr/bin/ld
configure:4874: checking if the linker (/usr/bin/ld) is GNU ld
GNU ld (GNU Binutils for Ubuntu) 2.26.1
configure:4886: result: yes
configure:4892: checking for shared library run path origin
configure:4905: result: done
configure:4928: checking whether NLS is requested
configure:4937: result: yes
configure:4954: checking for GNU gettext in libc
configure:4981: gcc -o conftest -O1 -I/usr/include -g  -L/usr/lib conftest.c  >&5
configure: In function 'main':
configure:4973:8: warning: cast from pointer to integer of different size [-Wpointer-to-int-cast]
configure:4984: $? = 0
configure:4987: test -s conftest
configure:4990: $? = 0
configure:5000: result: yes
configure:6060: checking for dirent.h that defines DIR
configure:6087: gcc -c -O1 -I/usr/include -g  conftest.c >&5
configure:6090: $? = 0
configure:6093: test -s conftest.o
configure:6096: $? = 0
configure:6106: result: yes
configure:6119: checking for library containing opendir
configure:6152: gcc -o conftest -O1 -I/usr/include -g  -L/usr/lib conftest.c  >&5
configure:6155: $? = 0
configure:6158: test -s conftest
configure:6161: $? = 0
configure:6220: result: none required
configure:6338: checking whether stat file-mode macros are broken
configure:6383: result: no
configure:6393: checking for sys/wait.h that is POSIX.1 compatible
configure:6427: gcc -c -O1 -I/usr/include -g  conftest.c >&5
configure:6430: $? = 0
configure:6433: test -s conftest.o
configure:6436: $? = 0
configure:6446: result: yes
configure:6456: checking for nanoseconds member of struct stat.st_mtim
configure:6490: gcc -c -O1 -I/usr/include -g  -DST_MTIM_NSEC=tv_nsec conftest.c >&5
configure:6493: $? = 0
configure:6496: test -s conftest.o
configure:6499: $? = 0
configure:6510: result: tv_nsec
configure:6522: checking for pid_t
configure:6549: gcc -c -O1 -I/usr/include -g  conftest.c >&5
configure:6552: $? = 0
configure:6555: test -s conftest.o
configure:6558: $? = 0
configure:6568: result: yes
configure:6580: checking return type of signal handlers
configure:6614: gcc -c -O1 -I/usr/include -g  conftest.c >&5
configure:6617: $? = 0
configure:6620: test -s conftest.o
configure:6623: $? = 0
configure:6633: result: void
configure:6654: checking for diraccess
configure:6697: gcc -o conftest -O1 -I/usr/include -g  -L/usr/lib conftest.c  >&5
/tmp/cc2qACPX.o: In function `main':
/home/ericlee/projects/input3/sources/diffutils-2.8-O1/configure:6687: undefined reference to `diraccess'
collect2: error: ld returned 1 exit status
configure:6700: $? = 1
configure: failed program was:
#line 6659 "configure"
#include "confdefs.h"
/* System header to define __stub macros and hopefully few prototypes,
    which can conflict with char diraccess (); below.  */
#include <assert.h>
/* Override any gcc2 internal prototype to avoid an error.  */
#ifdef __cplusplus
extern "C"
#endif
/* We use char because int might match the return type of a gcc2
   builtin and then its argument prototype would still apply.  */
char diraccess ();
char (*f) ();

#ifdef F77_DUMMY_MAIN
#  ifdef __cplusplus
     extern "C"
#  endif
   int F77_DUMMY_MAIN() { return 1; }
#endif
int
main ()
{
/* The GNU C library defines this for functions which it implements
    to always fail with ENOSYS.  Some functions are actually named
    something starting with __ and the normal name is an alias.  */
#if defined (__stub_diraccess) || defined (__stub___diraccess)
choke me
#else
f = diraccess;
#endif

  ;
  return 0;
}
configure:6716: result: no
configure:6654: checking for dup2
configure:6697: gcc -o conftest -O1 -I/usr/include -g  -L/usr/lib conftest.c  >&5
configure:6700: $? = 0
configure:6703: test -s conftest
configure:6706: $? = 0
configure:6716: result: yes
configure:6654: checking for gettimeofday
configure:6697: gcc -o conftest -O1 -I/usr/include -g  -L/usr/lib conftest.c  >&5
configure:6700: $? = 0
configure:6703: test -s conftest
configure:6706: $? = 0
configure:6716: result: yes
configure:6654: checking for sigaction
configure:6697: gcc -o conftest -O1 -I/usr/include -g  -L/usr/lib conftest.c  >&5
configure:6700: $? = 0
configure:6703: test -s conftest
configure:6706: $? = 0
configure:6716: result: yes
configure:6654: checking for sigprocmask
configure:6697: gcc -o conftest -O1 -I/usr/include -g  -L/usr/lib conftest.c  >&5
configure:6700: $? = 0
configure:6703: test -s conftest
configure:6706: $? = 0
configure:6716: result: yes
configure:6654: checking for strchr
configure:6697: gcc -o conftest -O1 -I/usr/include -g  -L/usr/lib conftest.c  >&5
configure:6669:6: warning: conflicting types for built-in function 'strchr'
 /* We use char because int might match the return type of a gcc2
      ^
configure:6700: $? = 0
configure:6703: test -s conftest
configure:6706: $? = 0
configure:6716: result: yes
configure:6654: checking for strerror
configure:6697: gcc -o conftest -O1 -I/usr/include -g  -L/usr/lib conftest.c  >&5
configure:6700: $? = 0
configure:6703: test -s conftest
configure:6706: $? = 0
configure:6716: result: yes
configure:6654: checking for tmpnam
configure:6697: gcc -o conftest -O1 -I/usr/include -g  -L/usr/lib conftest.c  >&5
/tmp/cc47sNMh.o: In function `main':
/home/ericlee/projects/input3/sources/diffutils-2.8-O1/configure:6687: warning: the use of `tmpnam' is dangerous, better use `mkstemp'
configure:6700: $? = 0
configure:6703: test -s conftest
configure:6706: $? = 0
configure:6716: result: yes
configure:6733: checking for memchr
configure:6776: gcc -o conftest -O1 -I/usr/include -g  -L/usr/lib conftest.c  >&5
configure:6748:6: warning: conflicting types for built-in function 'memchr'
 /* We use char because int might match the return type of a gcc2
      ^
configure:6779: $? = 0
configure:6782: test -s conftest
configure:6785: $? = 0
configure:6795: result: yes
configure:6733: checking for mkstemp
configure:6776: gcc -o conftest -O1 -I/usr/include -g  -L/usr/lib conftest.c  >&5
configure:6779: $? = 0
configure:6782: test -s conftest
configure:6785: $? = 0
configure:6795: result: yes
configure:6733: checking for strcasecmp
configure:6776: gcc -o conftest -O1 -I/usr/include -g  -L/usr/lib conftest.c  >&5
configure:6748:6: warning: conflicting types for built-in function 'strcasecmp'
 /* We use char because int might match the return type of a gcc2
      ^
configure:6779: $? = 0
configure:6782: test -s conftest
configure:6785: $? = 0
configure:6795: result: yes
configure:6733: checking for waitpid
configure:6776: gcc -o conftest -O1 -I/usr/include -g  -L/usr/lib conftest.c  >&5
configure:6779: $? = 0
configure:6782: test -s conftest
configure:6785: $? = 0
configure:6795: result: yes
configure:6811: checking whether closedir returns void
configure:6843: gcc -o conftest -O1 -I/usr/include -g  -L/usr/lib conftest.c  >&5
configure:6846: $? = 0
configure:6848: ./conftest
configure:6851: $? = 0
configure:6864: result: no
configure:6880: checking for unistd.h
configure:6885: result: yes
configure:6889: checking vfork.h usability
configure:6898: gcc -c -O1 -I/usr/include -g  conftest.c >&5
configure:6926:19: fatal error: vfork.h: No such file or directory
compilation terminated.
configure:6901: $? = 1
configure: failed program was:
#line 6891 "configure"
#include "confdefs.h"
#include <stdio.h>
#if HAVE_SYS_TYPES_H
# include <sys/types.h>
#endif
#if HAVE_SYS_STAT_H
# include <sys/stat.h>
#endif
#if STDC_HEADERS
# include <stdlib.h>
# include <stddef.h>
#else
# if HAVE_STDLIB_H
#  include <stdlib.h>
# endif
#endif
#if HAVE_STRING_H
# if !STDC_HEADERS && HAVE_MEMORY_H
#  include <memory.h>
# endif
# include <string.h>
#endif
#if HAVE_STRINGS_H
# include <strings.h>
#endif
#if HAVE_INTTYPES_H
# include <inttypes.h>
#else
# if HAVE_STDINT_H
#  include <stdint.h>
# endif
#endif
#if HAVE_UNISTD_H
# include <unistd.h>
#endif
#include <vfork.h>
configure:6916: result: no
configure:6920: checking vfork.h presence
configure:6927: gcc -E  conftest.c
configure:6923:19: fatal error: vfork.h: No such file or directory
 #line $LINENO "configure"
                   ^
compilation terminated.
configure:6933: $? = 1
configure: failed program was:
#line 6922 "configure"
#include "confdefs.h"
#include <vfork.h>
configure:6951: result: no
configure:6969: checking for vfork.h
configure:6976: result: no
configure:6994: checking for fork
configure:7037: gcc -o conftest -O1 -I/usr/include -g  -L/usr/lib conftest.c  >&5
configure:7009:6: warning: conflicting types for built-in function 'fork'
 /* We use char because int might match the return type of a gcc2
      ^
configure:7040: $? = 0
configure:7043: test -s conftest
configure:7046: $? = 0
configure:7056: result: yes
configure:6994: checking for vfork
configure:7037: gcc -o conftest -O1 -I/usr/include -g  -L/usr/lib conftest.c  >&5
configure:7040: $? = 0
configure:7043: test -s conftest
configure:7046: $? = 0
configure:7056: result: yes
configure:7068: checking for working fork
configure:7112: result: yes
configure:7131: checking for working vfork
configure:7258: result: yes
configure:7293: checking for vprintf
configure:7336: gcc -o conftest -O1 -I/usr/include -g  -L/usr/lib conftest.c  >&5
configure:7308:6: warning: conflicting types for built-in function 'vprintf'
 /* We use char because int might match the return type of a gcc2
      ^
configure:7339: $? = 0
configure:7342: test -s conftest
configure:7345: $? = 0
configure:7355: result: yes
configure:7362: checking for _doprnt
configure:7405: gcc -o conftest -O1 -I/usr/include -g  -L/usr/lib conftest.c  >&5
/tmp/ccpZ8RsD.o: In function `main':
/home/ericlee/projects/input3/sources/diffutils-2.8-O1/configure:7395: undefined reference to `_doprnt'
collect2: error: ld returned 1 exit status
configure:7408: $? = 1
configure: failed program was:
#line 7367 "configure"
#include "confdefs.h"
/* System header to define __stub macros and hopefully few prototypes,
    which can conflict with char _doprnt (); below.  */
#include <assert.h>
/* Override any gcc2 internal prototype to avoid an error.  */
#ifdef __cplusplus
extern "C"
#endif
/* We use char because int might match the return type of a gcc2
   builtin and then its argument prototype would still apply.  */
char _doprnt ();
char (*f) ();

#ifdef F77_DUMMY_MAIN
#  ifdef __cplusplus
     extern "C"
#  endif
   int F77_DUMMY_MAIN() { return 1; }
#endif
int
main ()
{
/* The GNU C library defines this for functions which it implements
    to always fail with ENOSYS.  Some functions are actually named
    something starting with __ and the normal name is an alias.  */
#if defined (__stub__doprnt) || defined (__stub____doprnt)
choke me
#else
f = _doprnt;
#endif

  ;
  return 0;
}
configure:7424: result: no
configure:7438: checking whether clearerr_unlocked is declared
configure:7465: gcc -c -O1 -I/usr/include -g  conftest.c >&5
configure:7468: $? = 0
configure:7471: test -s conftest.o
configure:7474: $? = 0
configure:7484: result: yes
configure:7500: checking whether feof_unlocked is declared
configure:7527: gcc -c -O1 -I/usr/include -g  conftest.c >&5
configure:7530: $? = 0
configure:7533: test -s conftest.o
configure:7536: $? = 0
configure:7546: result: yes
configure:7562: checking whether ferror_unlocked is declared
configure:7589: gcc -c -O1 -I/usr/include -g  conftest.c >&5
configure:7592: $? = 0
configure:7595: test -s conftest.o
configure:7598: $? = 0
configure:7608: result: yes
configure:7624: checking whether fflush_unlocked is declared
configure:7651: gcc -c -O1 -I/usr/include -g  conftest.c >&5
configure:7654: $? = 0
configure:7657: test -s conftest.o
configure:7660: $? = 0
configure:7670: result: yes
configure:7686: checking whether fgets_unlocked is declared
configure:7713: gcc -c -O1 -I/usr/include -g  conftest.c >&5
configure:7716: $? = 0
configure:7719: test -s conftest.o
configure:7722: $? = 0
configure:7732: result: yes
configure:7748: checking whether fputc_unlocked is declared
configure:7775: gcc -c -O1 -I/usr/include -g  conftest.c >&5
configure:7778: $? = 0
configure:7781: test -s conftest.o
configure:7784: $? = 0
configure:7794: result: yes
configure:7810: checking whether fputs_unlocked is declared
configure:7837: gcc -c -O1 -I/usr/include -g  conftest.c >&5
configure:7840: $? = 0
configure:7843: test -s conftest.o
configure:7846: $? = 0
configure:7856: result: yes
configure:7872: checking whether fread_unlocked is declared
configure:7899: gcc -c -O1 -I/usr/include -g  conftest.c >&5
configure:7902: $? = 0
configure:7905: test -s conftest.o
configure:7908: $? = 0
configure:7918: result: yes
configure:7934: checking whether fwrite_unlocked is declared
configure:7961: gcc -c -O1 -I/usr/include -g  conftest.c >&5
configure:7964: $? = 0
configure:7967: test -s conftest.o
configure:7970: $? = 0
configure:7980: result: yes
configure:7996: checking whether getc_unlocked is declared
configure:8023: gcc -c -O1 -I/usr/include -g  conftest.c >&5
configure:8026: $? = 0
configure:8029: test -s conftest.o
configure:8032: $? = 0
configure:8042: result: yes
configure:8058: checking whether getchar_unlocked is declared
configure:8085: gcc -c -O1 -I/usr/include -g  conftest.c >&5
configure:8088: $? = 0
configure:8091: test -s conftest.o
configure:8094: $? = 0
configure:8104: result: yes
configure:8120: checking whether putc_unlocked is declared
configure:8147: gcc -c -O1 -I/usr/include -g  conftest.c >&5
configure:8150: $? = 0
configure:8153: test -s conftest.o
configure:8156: $? = 0
configure:8166: result: yes
configure:8182: checking whether putchar_unlocked is declared
configure:8209: gcc -c -O1 -I/usr/include -g  conftest.c >&5
configure:8212: $? = 0
configure:8215: test -s conftest.o
configure:8218: $? = 0
configure:8228: result: yes
configure:8246: checking whether time.h and sys/time.h may both be included
configure:8274: gcc -c -O1 -I/usr/include -g  conftest.c >&5
configure:8277: $? = 0
configure:8280: test -s conftest.o
configure:8283: $? = 0
configure:8293: result: yes
configure:8303: checking whether struct tm is in sys/time.h or time.h
configure:8329: gcc -c -O1 -I/usr/include -g  conftest.c >&5
configure:8332: $? = 0
configure:8335: test -s conftest.o
configure:8338: $? = 0
configure:8348: result: time.h
configure:8365: checking for localtime_r
configure:8408: gcc -o conftest -O1 -I/usr/include -g  -L/usr/lib conftest.c  >&5
configure:8411: $? = 0
configure:8414: test -s conftest
configure:8417: $? = 0
configure:8427: result: yes
configure:8365: checking for strftime
configure:8408: gcc -o conftest -O1 -I/usr/include -g  -L/usr/lib conftest.c  >&5
configure:8380:6: warning: conflicting types for built-in function 'strftime'
 /* We use char because int might match the return type of a gcc2
      ^
configure:8411: $? = 0
configure:8414: test -s conftest
configure:8417: $? = 0
configure:8427: result: yes
configure:8443: checking for limits.h
configure:8448: result: yes
configure:8560: checking for bcopy
configure:8603: gcc -o conftest -O1 -I/usr/include -g  -L/usr/lib conftest.c  >&5
configure:8575:6: warning: conflicting types for built-in function 'bcopy'
 /* We use char because int might match the return type of a gcc2
      ^
configure:8606: $? = 0
configure:8609: test -s conftest
configure:8612: $? = 0
configure:8622: result: yes
configure:8560: checking for tzset
configure:8603: gcc -o conftest -O1 -I/usr/include -g  -L/usr/lib conftest.c  >&5
configure:8606: $? = 0
configure:8609: test -s conftest
configure:8612: $? = 0
configure:8622: result: yes
configure:8560: checking for mempcpy
configure:8603: gcc -o conftest -O1 -I/usr/include -g  -L/usr/lib conftest.c  >&5
configure:8575:6: warning: conflicting types for built-in function 'mempcpy'
 /* We use char because int might match the return type of a gcc2
      ^
configure:8606: $? = 0
configure:8609: test -s conftest
configure:8612: $? = 0
configure:8622: result: yes
configure:8560: checking for memcpy
configure:8603: gcc -o conftest -O1 -I/usr/include -g  -L/usr/lib conftest.c  >&5
configure:8575:6: warning: conflicting types for built-in function 'memcpy'
 /* We use char because int might match the return type of a gcc2
      ^
configure:8606: $? = 0
configure:8609: test -s conftest
configure:8612: $? = 0
configure:8622: result: yes
configure:8560: checking for memset
configure:8603: gcc -o conftest -O1 -I/usr/include -g  -L/usr/lib conftest.c  >&5
configure:8575:6: warning: conflicting types for built-in function 'memset'
 /* We use char because int might match the return type of a gcc2
      ^
configure:8606: $? = 0
configure:8609: test -s conftest
configure:8612: $? = 0
configure:8622: result: yes
configure:8634: checking for struct tm.tm_zone
configure:8663: gcc -c -O1 -I/usr/include -g  conftest.c >&5
configure:8666: $? = 0
configure:8669: test -s conftest.o
configure:8672: $? = 0
configure:8682: result: yes
configure:8764: checking for mblen
configure:8807: gcc -o conftest -O1 -I/usr/include -g  -L/usr/lib conftest.c  >&5
configure:8810: $? = 0
configure:8813: test -s conftest
configure:8816: $? = 0
configure:8826: result: yes
configure:8764: checking for mbrlen
configure:8807: gcc -o conftest -O1 -I/usr/include -g  -L/usr/lib conftest.c  >&5
configure:8810: $? = 0
configure:8813: test -s conftest
configure:8816: $? = 0
configure:8826: result: yes
configure:8837: checking for struct tm.tm_gmtoff
configure:8864: gcc -c -O1 -I/usr/include -g  conftest.c >&5
configure:8867: $? = 0
configure:8870: test -s conftest.o
configure:8873: $? = 0
configure:8883: result: yes
configure:8909: checking sys/time.h usability
configure:8918: gcc -c -O1 -I/usr/include -g  conftest.c >&5
configure:8921: $? = 0
configure:8924: test -s conftest.o
configure:8927: $? = 0
configure:8936: result: yes
configure:8940: checking sys/time.h presence
configure:8947: gcc -E  conftest.c
configure:8953: $? = 0
configure:8971: result: yes
configure:8989: checking for sys/time.h
configure:8996: result: yes
configure:9023: checking for working malloc
configure:9044: gcc -o conftest -O1 -I/usr/include -g  -L/usr/lib conftest.c  >&5
configure:9033:11: warning: conflicting types for built-in function 'malloc'
 #include "confdefs.h"
           ^
configure: In function 'main':
configure:9037:7: warning: implicit declaration of function 'exit' [-Wimplicit-function-declaration]
     main ()
       ^
configure:9037:7: warning: incompatible implicit declaration of built-in function 'exit'
configure:9037:7: note: include '<stdlib.h>' or provide a declaration of 'exit'
configure:9047: $? = 0
configure:9049: ./conftest
configure:9052: $? = 0
configure:9066: result: yes
configure:9084: checking for working realloc
configure:9105: gcc -o conftest -O1 -I/usr/include -g  -L/usr/lib conftest.c  >&5
configure:9094:11: warning: conflicting types for built-in function 'realloc'
 #include "confdefs.h"
           ^
configure: In function 'main':
configure:9098:7: warning: implicit declaration of function 'exit' [-Wimplicit-function-declaration]
     main ()
       ^
configure:9098:7: warning: incompatible implicit declaration of built-in function 'exit'
configure:9098:7: note: include '<stdlib.h>' or provide a declaration of 'exit'
configure:9108: $? = 0
configure:9110: ./conftest
configure:9113: $? = 0
configure:9127: result: yes
configure:9140: checking for working alloca.h
configure:9164: gcc -o conftest -O1 -I/usr/include -g  -L/usr/lib conftest.c  >&5
configure:9167: $? = 0
configure:9170: test -s conftest
configure:9173: $? = 0
configure:9183: result: yes
configure:9193: checking for alloca
configure:9237: gcc -o conftest -O1 -I/usr/include -g  -L/usr/lib conftest.c  >&5
configure:9240: $? = 0
configure:9243: test -s conftest
configure:9246: $? = 0
configure:9256: result: yes
configure:9449: checking for working C stack overflow detection
configure:9541: gcc -o conftest -O1 -I/usr/include -g  -L/usr/lib conftest.c  >&5
configure:9466:5: error: unknown type name 'uintmax_t'
     char buffer[SIGSTKSZ];
     ^
configure: In function 'segv_handler':
configure:9492:28: warning: implicit declaration of function 'sysconf' [-Wimplicit-function-declaration]
         char const *faulting_address = info->si_addr;
                            ^
configure:9492:37: error: '_SC_PAGESIZE' undeclared (first use in this function)
         char const *faulting_address = info->si_addr;
                                     ^
configure:9492:37: note: each undeclared identifier is reported only once for each function it appears in
configure:9496:4: warning: implicit declaration of function '_exit' [-Wimplicit-function-declaration]
    s += page_size;
    ^
configure:9496:4: warning: incompatible implicit declaration of built-in function '_exit'
configure:9499:5: warning: incompatible implicit declaration of built-in function '_exit'
       }
     ^
configure:9544: $? = 1
configure: program exited with status 1
configure: failed program was:
#line 9457 "configure"
#include "confdefs.h"

	 #include <signal.h>
	 #include <ucontext.h>

	 static union
	 {
	   char buffer[SIGSTKSZ];
	   long double ld;
	   uintmax_t u;
	   void *p;
	 } alternate_signal_stack;

	 #if STACK_DIRECTION
	 # define find_stack_direction(ptr) STACK_DIRECTION
	 #else
	 static int
	 find_stack_direction (char const *addr)
	 {
	   char dummy;
	   return (! addr ? find_stack_direction (&dummy)
		   : addr < &dummy ? 1 : -1);
	 }
	 #endif

	 static void
	 segv_handler (int signo, siginfo_t *info, void *context)
	 {
	   if (0 < info->si_code)
	     {
	       ucontext_t const *user_context = context;
	       char const *stack_min = user_context->uc_stack.ss_sp;
	       size_t stack_size = user_context->uc_stack.ss_size;
	       char const *faulting_address = info->si_addr;
	       size_t s = faulting_address - stack_min;
	       size_t page_size = sysconf (_SC_PAGESIZE);
	       if (find_stack_direction (0) < 0)
		 s += page_size;
	       if (s < stack_size + page_size)
		 _exit (0);
	     }

	   _exit (1);
	 }

	 static int
	 c_stack_action (void)
	 {
	   stack_t st;
	   struct sigaction act;
	   int r;

	   st.ss_flags = 0;
	   st.ss_sp = alternate_signal_stack.buffer;
	   st.ss_size = sizeof alternate_signal_stack.buffer;
	   r = sigaltstack (&st, 0);
	   if (r != 0)
	     return r;

	   sigemptyset (&act.sa_mask);
	   act.sa_flags = SA_NODEFER | SA_ONSTACK | SA_RESETHAND | SA_SIGINFO;
	   act.sa_sigaction = segv_handler;
	   return sigaction (SIGSEGV, &act, 0);
	 }

	 static int
	 recurse (char *p)
	 {
	   char array[500];
	   array[0] = 1;
	   return *p + recurse (array);
	 }

	 int
	 main (void)
	 {
	   c_stack_action ();
	   return recurse ("\1");
	 }

configure:9562: result: no
configure:9583: checking for unistd.h
configure:9588: result: yes
configure:9693: checking for siginfo_t
configure:9721: gcc -c -O1 -I/usr/include -g  conftest.c >&5
configure:9724: $? = 0
configure:9727: test -s conftest.o
configure:9730: $? = 0
configure:9740: result: yes
configure:9750: checking for stack_t
configure:9778: gcc -c -O1 -I/usr/include -g  conftest.c >&5
configure:9781: $? = 0
configure:9784: test -s conftest.o
configure:9787: $? = 0
configure:9797: result: yes
configure:9815: checking for strerror
configure:9877: result: yes
configure:9815: checking for vprintf
configure:9877: result: yes
configure:9815: checking for doprnt
configure:9858: gcc -o conftest -O1 -I/usr/include -g  -L/usr/lib conftest.c  >&5
/tmp/ccGexhu8.o: In function `main':
/home/ericlee/projects/input3/sources/diffutils-2.8-O1/configure:9848: undefined reference to `doprnt'
collect2: error: ld returned 1 exit status
configure:9861: $? = 1
configure: failed program was:
#line 9820 "configure"
#include "confdefs.h"
/* System header to define __stub macros and hopefully few prototypes,
    which can conflict with char doprnt (); below.  */
#include <assert.h>
/* Override any gcc2 internal prototype to avoid an error.  */
#ifdef __cplusplus
extern "C"
#endif
/* We use char because int might match the return type of a gcc2
   builtin and then its argument prototype would still apply.  */
char doprnt ();
char (*f) ();

#ifdef F77_DUMMY_MAIN
#  ifdef __cplusplus
     extern "C"
#  endif
   int F77_DUMMY_MAIN() { return 1; }
#endif
int
main ()
{
/* The GNU C library defines this for functions which it implements
    to always fail with ENOSYS.  Some functions are actually named
    something starting with __ and the normal name is an alias.  */
#if defined (__stub_doprnt) || defined (__stub___doprnt)
choke me
#else
f = doprnt;
#endif

  ;
  return 0;
}
configure:9877: result: no
configure:9887: checking whether strerror is declared
configure:9914: gcc -c -O1 -I/usr/include -g  conftest.c >&5
configure:9917: $? = 0
configure:9920: test -s conftest.o
configure:9923: $? = 0
configure:9933: result: yes
configure:9951: checking whether strerror_r is declared
configure:9978: gcc -c -O1 -I/usr/include -g  conftest.c >&5
configure:9981: $? = 0
configure:9984: test -s conftest.o
configure:9987: $? = 0
configure:9997: result: yes
configure:10019: checking for strerror_r
configure:10062: gcc -o conftest -O1 -I/usr/include -g  -L/usr/lib conftest.c  >&5
configure:10065: $? = 0
configure:10068: test -s conftest
configure:10071: $? = 0
configure:10081: result: yes
configure:10091: checking whether strerror_r returns char *
configure:10122: gcc -c -O1 -I/usr/include -g  conftest.c >&5
configure:10125: $? = 0
configure:10128: test -s conftest.o
configure:10131: $? = 0
configure:10192: result: yes
configure:10202: checking for ANSI C header files
configure:10331: result: yes
configure:10343: checking for function prototypes
configure:10346: result: yes
configure:10367: checking for setlocale
configure:10410: gcc -o conftest -O1 -I/usr/include -g  -L/usr/lib conftest.c  >&5
configure:10413: $? = 0
configure:10416: test -s conftest
configure:10419: $? = 0
configure:10429: result: yes
configure:10446: checking for locale.h
configure:10451: result: yes
configure:10446: checking for stdlib.h
configure:10451: result: yes
configure:10446: checking for string.h
configure:10451: result: yes
configure:10562: checking for isascii
configure:10605: gcc -o conftest -O1 -I/usr/include -g  -L/usr/lib conftest.c  >&5
configure:10577:6: warning: conflicting types for built-in function 'isascii'
 /* We use char because int might match the return type of a gcc2
      ^
configure:10608: $? = 0
configure:10611: test -s conftest
configure:10614: $? = 0
configure:10624: result: yes
configure:10562: checking for iswprint
configure:10605: gcc -o conftest -O1 -I/usr/include -g  -L/usr/lib conftest.c  >&5
configure:10577:6: warning: conflicting types for built-in function 'iswprint'
 /* We use char because int might match the return type of a gcc2
      ^
configure:10608: $? = 0
configure:10611: test -s conftest
configure:10614: $? = 0
configure:10624: result: yes
configure:10635: checking whether mbrtowc and mbstate_t are properly declared
configure:10659: gcc -o conftest -O1 -I/usr/include -g  -L/usr/lib conftest.c  >&5
configure:10662: $? = 0
configure:10665: test -s conftest
configure:10668: $? = 0
configure:10678: result: yes
configure:10698: checking for limits.h
configure:10703: result: yes
configure:10707: checking stddef.h usability
configure:10716: gcc -c -O1 -I/usr/include -g  conftest.c >&5
configure:10719: $? = 0
configure:10722: test -s conftest.o
configure:10725: $? = 0
configure:10734: result: yes
configure:10738: checking stddef.h presence
configure:10745: gcc -E  conftest.c
configure:10751: $? = 0
configure:10769: result: yes
configure:10787: checking for stddef.h
configure:10794: result: yes
configure:10698: checking for stdlib.h
configure:10703: result: yes
configure:10698: checking for string.h
configure:10703: result: yes
configure:10707: checking wchar.h usability
configure:10716: gcc -c -O1 -I/usr/include -g  conftest.c >&5
configure:10719: $? = 0
configure:10722: test -s conftest.o
configure:10725: $? = 0
configure:10734: result: yes
configure:10738: checking wchar.h presence
configure:10745: gcc -E  conftest.c
configure:10751: $? = 0
configure:10769: result: yes
configure:10787: checking for wchar.h
configure:10794: result: yes
configure:10707: checking wctype.h usability
configure:10716: gcc -c -O1 -I/usr/include -g  conftest.c >&5
configure:10719: $? = 0
configure:10722: test -s conftest.o
configure:10725: $? = 0
configure:10734: result: yes
configure:10738: checking wctype.h presence
configure:10745: gcc -E  conftest.c
configure:10751: $? = 0
configure:10769: result: yes
configure:10787: checking for wctype.h
configure:10794: result: yes
configure:10807: checking for ANSI C header files
configure:10936: result: yes
configure:10947: checking whether backslash-a works in strings
configure:10978: gcc -c -O1 -I/usr/include -g  conftest.c >&5
configure:10981: $? = 0
configure:10984: test -s conftest.o
configure:10987: $? = 0
configure:10997: result: yes
configure:11013: checking for stdlib.h
configure:11018: result: yes
configure:11123: checking for mbstate_t
configure:11151: gcc -c -O1 -I/usr/include -g  conftest.c >&5
configure:11154: $? = 0
configure:11157: test -s conftest.o
configure:11160: $? = 0
configure:11170: result: yes
configure:11181: checking for function prototypes
configure:11184: result: yes
configure:11198: checking for ANSI C header files
configure:11327: result: yes
configure:11342: checking for string.h
configure:11347: result: yes
configure:11461: checking for bzero
configure:11504: gcc -o conftest -O1 -I/usr/include -g  -L/usr/lib conftest.c  >&5
configure:11476:6: warning: conflicting types for built-in function 'bzero'
 /* We use char because int might match the return type of a gcc2
      ^
configure:11507: $? = 0
configure:11510: test -s conftest
configure:11513: $? = 0
configure:11523: result: yes
configure:11461: checking for bcopy
configure:11523: result: yes
configure:11461: checking for isascii
configure:11523: result: yes
configure:11461: checking for btowc
configure:11504: gcc -o conftest -O1 -I/usr/include -g  -L/usr/lib conftest.c  >&5
configure:11507: $? = 0
configure:11510: test -s conftest
configure:11513: $? = 0
configure:11523: result: yes
configure:11550: checking alloca.h usability
configure:11559: gcc -c -O1 -I/usr/include -g  conftest.c >&5
configure:11562: $? = 0
configure:11565: test -s conftest.o
configure:11568: $? = 0
configure:11577: result: yes
configure:11581: checking alloca.h presence
configure:11588: gcc -E  conftest.c
configure:11594: $? = 0
configure:11612: result: yes
configure:11630: checking for alloca.h
configure:11637: result: yes
configure:11541: checking for libintl.h
configure:11546: result: yes
configure:11541: checking for wctype.h
configure:11546: result: yes
configure:11541: checking for wchar.h
configure:11546: result: yes
configure:11650: checking for ANSI C header files
configure:11779: result: yes
configure:11791: checking for working alloca.h
configure:11834: result: yes
configure:11844: checking for alloca
configure:11907: result: yes
configure:12104: checking for ANSI C header files
configure:12233: result: yes
configure:12243: checking whether stat file-mode macros are broken
configure:12288: result: no
configure:12306: checking for fcntl.h
configure:12311: result: yes
configure:12306: checking for sys/time.h
configure:12311: result: yes
configure:12306: checking for stdint.h
configure:12311: result: yes
configure:12306: checking for unistd.h
configure:12311: result: yes
configure:12420: checking for __secure_getenv
configure:12463: gcc -o conftest -O1 -I/usr/include -g  -L/usr/lib conftest.c  >&5
/tmp/ccrQaKwW.o: In function `main':
/home/ericlee/projects/input3/sources/diffutils-2.8-O1/configure:12453: undefined reference to `__secure_getenv'
collect2: error: ld returned 1 exit status
configure:12466: $? = 1
configure: failed program was:
#line 12425 "configure"
#include "confdefs.h"
/* System header to define __stub macros and hopefully few prototypes,
    which can conflict with char __secure_getenv (); below.  */
#include <assert.h>
/* Override any gcc2 internal prototype to avoid an error.  */
#ifdef __cplusplus
extern "C"
#endif
/* We use char because int might match the return type of a gcc2
   builtin and then its argument prototype would still apply.  */
char __secure_getenv ();
char (*f) ();

#ifdef F77_DUMMY_MAIN
#  ifdef __cplusplus
     extern "C"
#  endif
   int F77_DUMMY_MAIN() { return 1; }
#endif
int
main ()
{
/* The GNU C library defines this for functions which it implements
    to always fail with ENOSYS.  Some functions are actually named
    something starting with __ and the normal name is an alias.  */
#if defined (__stub___secure_getenv) || defined (__stub_____secure_getenv)
choke me
#else
f = __secure_getenv;
#endif

  ;
  return 0;
}
configure:12482: result: no
configure:12420: checking for gettimeofday
configure:12482: result: yes
configure:12492: checking whether getenv is declared
configure:12519: gcc -c -O1 -I/usr/include -g  conftest.c >&5
configure:12522: $? = 0
configure:12525: test -s conftest.o
configure:12528: $? = 0
configure:12538: result: yes
configure:12558: checking for long long
configure:12583: gcc -o conftest -O1 -I/usr/include -g  -L/usr/lib conftest.c  >&5
configure:12586: $? = 0
configure:12589: test -s conftest
configure:12592: $? = 0
configure:12602: result: yes
configure:12614: checking for intmax_t
configure:12641: gcc -c -O1 -I/usr/include -g  conftest.c >&5
configure:12644: $? = 0
configure:12647: test -s conftest.o
configure:12650: $? = 0
configure:12660: result: yes
configure:12681: checking whether strtol is declared
configure:12708: gcc -c -O1 -I/usr/include -g  conftest.c >&5
configure:12711: $? = 0
configure:12714: test -s conftest.o
configure:12717: $? = 0
configure:12727: result: yes
configure:12743: checking whether strtoul is declared
configure:12770: gcc -c -O1 -I/usr/include -g  conftest.c >&5
configure:12773: $? = 0
configure:12776: test -s conftest.o
configure:12779: $? = 0
configure:12789: result: yes
configure:12805: checking whether strtoull is declared
configure:12832: gcc -c -O1 -I/usr/include -g  conftest.c >&5
configure:12835: $? = 0
configure:12838: test -s conftest.o
configure:12841: $? = 0
configure:12851: result: yes
configure:12867: checking whether strtoimax is declared
configure:12894: gcc -c -O1 -I/usr/include -g  conftest.c >&5
configure:12897: $? = 0
configure:12900: test -s conftest.o
configure:12903: $? = 0
configure:12913: result: yes
configure:12929: checking whether strtoumax is declared
configure:12956: gcc -c -O1 -I/usr/include -g  conftest.c >&5
configure:12959: $? = 0
configure:12962: test -s conftest.o
configure:12965: $? = 0
configure:12975: result: yes
configure:13000: checking for limits.h
configure:13005: result: yes
configure:13000: checking for stdlib.h
configure:13005: result: yes
configure:13000: checking for inttypes.h
configure:13005: result: yes
configure:13110: checking whether <inttypes.h> defines strtoumax as a macro
configure:13132: result: no
configure:13140: checking for strtoumax
configure:13183: gcc -o conftest -O1 -I/usr/include -g  -L/usr/lib conftest.c  >&5
configure:13186: $? = 0
configure:13189: test -s conftest
configure:13192: $? = 0
configure:13202: result: yes
configure:13387: checking for library containing clock_gettime
configure:13420: gcc -o conftest -O1 -I/usr/include -g  -L/usr/lib conftest.c  >&5
configure:13423: $? = 0
configure:13426: test -s conftest
configure:13429: $? = 0
configure:13488: result: none required
configure:13506: checking for clock_gettime
configure:13549: gcc -o conftest -O1 -I/usr/include -g  -L/usr/lib conftest.c  >&5
configure:13552: $? = 0
configure:13555: test -s conftest
configure:13558: $? = 0
configure:13568: result: yes
configure:13581: checking for working GNU-style fnmatch
configure:13617: gcc -o conftest -O1 -I/usr/include -g  -L/usr/lib conftest.c  >&5
configure: In function 'main':
configure:13604:1: warning: implicit declaration of function 'exit' [-Wimplicit-function-declaration]
 main ()
 ^
configure:13604:1: warning: incompatible implicit declaration of built-in function 'exit'
configure:13604:1: note: include '<stdlib.h>' or provide a declaration of 'exit'
configure:13620: $? = 0
configure:13622: ./conftest
configure:13625: $? = 0
configure:13638: result: yes
configure:13667: checking for working re_compile_pattern
configure:13713: gcc -o conftest -O1 -I/usr/include -g  -L/usr/lib conftest.c  >&5
configure: In function 'main':
configure:13688:8: warning: implicit declaration of function 'exit' [-Wimplicit-function-declaration]
      /* This should fail with _Invalid character class name_ error.  */
        ^
configure:13688:8: warning: incompatible implicit declaration of built-in function 'exit'
configure:13688:8: note: include '<stdlib.h>' or provide a declaration of 'exit'
configure:13694:8: warning: incompatible implicit declaration of built-in function 'exit'
configure:13694:8: note: include '<stdlib.h>' or provide a declaration of 'exit'
configure:13700:8: warning: incompatible implicit declaration of built-in function 'exit'
      s = re_compile_pattern ("[an]*n", 7, &regex);
        ^
configure:13700:8: note: include '<stdlib.h>' or provide a declaration of 'exit'
configure:13704:8: warning: incompatible implicit declaration of built-in function 'exit'
      /* This should match, but doesn't for e.g. glibc-2.2.1.  */
        ^
configure:13704:8: note: include '<stdlib.h>' or provide a declaration of 'exit'
configure:13706:6: warning: incompatible implicit declaration of built-in function 'exit'
        exit (1);
      ^
configure:13706:6: note: include '<stdlib.h>' or provide a declaration of 'exit'
configure:13716: $? = 0
configure:13718: ./conftest
configure:13721: $? = 0
configure:13734: result: yes
configure:13767: checking whether system is Windows or MSDOS
configure:13794: gcc -c -O1 -I/usr/include -g  conftest.c >&5
configure: In function 'main':
configure:13785:1: error: unknown type name 'neither'
 {
 ^
configure:13785:15: error: expected '=', ',', ';', 'asm' or '__attribute__' before 'nor'
configure:13797: $? = 1
configure: failed program was:
#line 13773 "configure"
#include "confdefs.h"

#ifdef F77_DUMMY_MAIN
#  ifdef __cplusplus
     extern "C"
#  endif
   int F77_DUMMY_MAIN() { return 1; }
#endif
int
main ()
{
#if !defined _WIN32 && !defined __WIN32__ && !defined __MSDOS__
neither MSDOS nor Windows
#endif
  ;
  return 0;
}
configure:13814: result: no
configure:13849: checking for fcntl.h
configure:13854: result: yes
configure:13849: checking for unistd.h
configure:13854: result: yes
configure:13958: checking for DOS-style setmode
configure:13988: gcc -o conftest -O1 -I/usr/include -g  -L/usr/lib conftest.c  >&5
configure:13964:16: fatal error: io.h: No such file or directory
 #line $LINENO "configure"
                ^
compilation terminated.
configure:13991: $? = 1
configure: failed program was:
#line 13963 "configure"
#include "confdefs.h"
#include <io.h>
	 #if HAVE_FCNTL_H
	 # include <fcntl.h>
	 #endif
	 #if HAVE_UNISTD_H
	 # include <unistd.h>
	 #endif
#ifdef F77_DUMMY_MAIN
#  ifdef __cplusplus
     extern "C"
#  endif
   int F77_DUMMY_MAIN() { return 1; }
#endif
int
main ()
{
int ret = setmode && setmode (1, O_BINARY);
  ;
  return 0;
}
configure:14007: result: no
configure:14108: creating ./config.status

## ---------------------- ##
## Running config.status. ##
## ---------------------- ##

This file was extended by GNU diffutils config.status 2.8.1, which was
generated by GNU Autoconf 2.53.  Invocation command line was

  CONFIG_FILES    = 
  CONFIG_HEADERS  = 
  CONFIG_LINKS    = 
  CONFIG_COMMANDS = 
  $ ./config.status 

on ericlee-ThinkPad-P51

config.status:656: creating Makefile
config.status:656: creating doc/Makefile
config.status:656: creating lib/Makefile
config.status:656: creating lib/posix/Makefile
config.status:656: creating man/Makefile
config.status:656: creating m4/Makefile
config.status:656: creating ms/Makefile
config.status:656: creating po/Makefile.in
config.status:656: creating src/Makefile
config.status:760: creating config.h
config.status:1429: executing depfiles commands
config.status:1429: executing default-1 commands
config.status:1429: executing default commands

## ---------------- ##
## Cache variables. ##
## ---------------- ##

ac_cv_build=x86_64-unknown-linux-gnu
ac_cv_build_alias=x86_64-unknown-linux-gnu
ac_cv_c_backslash_a=yes
ac_cv_c_compiler_gnu=yes
ac_cv_c_const=yes
ac_cv_c_inline=inline
ac_cv_c_vararrays=yes
ac_cv_env_CC_set=
ac_cv_env_CC_value=
ac_cv_env_CFLAGS_set=set
ac_cv_env_CFLAGS_value='-O1 -I/usr/include -g'
ac_cv_env_CPPFLAGS_set=
ac_cv_env_CPPFLAGS_value=
ac_cv_env_CPP_set=
ac_cv_env_CPP_value=
ac_cv_env_LDFLAGS_set=set
ac_cv_env_LDFLAGS_value=-L/usr/lib
ac_cv_env_build_alias_set=
ac_cv_env_build_alias_value=
ac_cv_env_host_alias_set=
ac_cv_env_host_alias_value=
ac_cv_env_target_alias_set=
ac_cv_env_target_alias_value=
ac_cv_exeext=
ac_cv_func___secure_getenv=no
ac_cv_func__doprnt=no
ac_cv_func_alloca_works=yes
ac_cv_func_bcopy=yes
ac_cv_func_btowc=yes
ac_cv_func_bzero=yes
ac_cv_func_clock_gettime=yes
ac_cv_func_closedir_void=no
ac_cv_func_diraccess=no
ac_cv_func_doprnt=no
ac_cv_func_dup2=yes
ac_cv_func_fnmatch_works=yes
ac_cv_func_fork=yes
ac_cv_func_fork_works=yes
ac_cv_func_gettimeofday=yes
ac_cv_func_isascii=yes
ac_cv_func_iswprint=yes
ac_cv_func_localtime_r=yes
ac_cv_func_mblen=yes
ac_cv_func_mbrlen=yes
ac_cv_func_memchr=yes
ac_cv_func_memcpy=yes
ac_cv_func_mempcpy=yes
ac_cv_func_memset=yes
ac_cv_func_mkstemp=yes
ac_cv_func_setlocale=yes
ac_cv_func_setmode_dos=no
ac_cv_func_sigaction=yes
ac_cv_func_sigprocmask=yes
ac_cv_func_strcasecmp=yes
ac_cv_func_strchr=yes
ac_cv_func_strerror=yes
ac_cv_func_strerror_r=yes
ac_cv_func_strerror_r_char_p=yes
ac_cv_func_strftime=yes
ac_cv_func_strtoumax=yes
ac_cv_func_tmpnam=yes
ac_cv_func_tzset=yes
ac_cv_func_vfork=yes
ac_cv_func_vfork_works=yes
ac_cv_func_vprintf=yes
ac_cv_func_waitpid=yes
ac_cv_have_decl_clearerr_unlocked=yes
ac_cv_have_decl_feof_unlocked=yes
ac_cv_have_decl_ferror_unlocked=yes
ac_cv_have_decl_fflush_unlocked=yes
ac_cv_have_decl_fgets_unlocked=yes
ac_cv_have_decl_fputc_unlocked=yes
ac_cv_have_decl_fputs_unlocked=yes
ac_cv_have_decl_fread_unlocked=yes
ac_cv_have_decl_fwrite_unlocked=yes
ac_cv_have_decl_getc_unlocked=yes
ac_cv_have_decl_getchar_unlocked=yes
ac_cv_have_decl_getenv=yes
ac_cv_have_decl_putc_unlocked=yes
ac_cv_have_decl_putchar_unlocked=yes
ac_cv_have_decl_strerror=yes
ac_cv_have_decl_strerror_r=yes
ac_cv_have_decl_strtoimax=yes
ac_cv_have_decl_strtol=yes
ac_cv_have_decl_strtoul=yes
ac_cv_have_decl_strtoull=yes
ac_cv_have_decl_strtoumax=yes
ac_cv_header_alloca_h=yes
ac_cv_header_dirent_dirent_h=yes
ac_cv_header_fcntl_h=yes
ac_cv_header_inttypes_h=yes
ac_cv_header_libintl_h=yes
ac_cv_header_limits_h=yes
ac_cv_header_locale_h=yes
ac_cv_header_memory_h=yes
ac_cv_header_stat_broken=no
ac_cv_header_stdbool_h=yes
ac_cv_header_stdc=yes
ac_cv_header_stddef_h=yes
ac_cv_header_stdint_h=yes
ac_cv_header_stdlib_h=yes
ac_cv_header_string_h=yes
ac_cv_header_strings_h=yes
ac_cv_header_sys_file_h=yes
ac_cv_header_sys_stat_h=yes
ac_cv_header_sys_time_h=yes
ac_cv_header_sys_types_h=yes
ac_cv_header_sys_wait_h=yes
ac_cv_header_time=yes
ac_cv_header_time_h=yes
ac_cv_header_unistd_h=yes
ac_cv_header_vfork_h=no
ac_cv_header_wchar_h=yes
ac_cv_header_wctype_h=yes
ac_cv_host=x86_64-unknown-linux-gnu
ac_cv_host_alias=x86_64-unknown-linux-gnu
ac_cv_lib_cposix_strerror=no
ac_cv_member_struct_stat_st_blksize=yes
ac_cv_member_struct_stat_st_rdev=yes
ac_cv_member_struct_tm_tm_gmtoff=yes
ac_cv_member_struct_tm_tm_zone=yes
ac_cv_objext=o
ac_cv_path_GMSGFMT=/usr/bin/msgfmt
ac_cv_path_MSGFMT=/usr/bin/msgfmt
ac_cv_path_MSGMERGE=/usr/bin/msgmerge
ac_cv_path_PR_PROGRAM=/usr/bin/pr
ac_cv_path_XGETTEXT=/usr/bin/xgettext
ac_cv_path_install='/usr/bin/install -c'
ac_cv_prog_AWK=mawk
ac_cv_prog_CPP='gcc -E'
ac_cv_prog_ac_ct_CC=gcc
ac_cv_prog_ac_ct_RANLIB=ranlib
ac_cv_prog_cc_g=yes
ac_cv_prog_cc_stdc=
ac_cv_prog_make_make_set=yes
ac_cv_search_clock_gettime='none required'
ac_cv_search_opendir='none required'
ac_cv_struct_st_mtim_nsec=tv_nsec
ac_cv_struct_tm=time.h
ac_cv_sys_file_offset_bits=no
ac_cv_sys_large_files=no
ac_cv_sys_largefile_CC=no
ac_cv_sys_xsi_stack_overflow_heuristic=no
ac_cv_type_intmax_t=yes
ac_cv_type_long_long=yes
ac_cv_type_mbstate_t=yes
ac_cv_type_pid_t=yes
ac_cv_type_ptrdiff_t=yes
ac_cv_type_siginfo_t=yes
ac_cv_type_signal=void
ac_cv_type_ssize_t=yes
ac_cv_type_stack_t=yes
ac_cv_type_uintmax_t=yes
ac_cv_type_unsigned_long_long=yes
ac_cv_win_or_dos=no
ac_cv_working_alloca_h=yes
acl_cv_hardcode_direct=no
acl_cv_hardcode_libdir_flag_spec='${wl}-rpath ${wl}$libdir'
acl_cv_hardcode_libdir_separator=
acl_cv_hardcode_minus_L=no
acl_cv_libext=a
acl_cv_path_LD=/usr/bin/ld
acl_cv_prog_gnu_ld=yes
acl_cv_rpath=done
acl_cv_shlibext=so
acl_cv_sys_lib_dlsearch_path_spec='/lib /usr/lib'
acl_cv_sys_lib_search_path_spec='/lib /usr/lib /usr/local/lib'
acl_cv_wl=-Wl,
am_cv_CC_dependencies_compiler_type=gcc3
am_cv_prog_cc_stdc=
gt_cv_func_gnugettext1_libc=yes
jm_cv_func_mbrtowc=yes
jm_cv_func_strtoumax_macro=no
jm_cv_func_working_malloc=yes
jm_cv_func_working_re_compile_pattern=yes
jm_cv_func_working_realloc=yes

## ----------- ##
## confdefs.h. ##
## ----------- ##

#define PACKAGE_NAME "GNU diffutils"
#define PACKAGE_TARNAME "diffutils"
#define PACKAGE_VERSION "2.8.1"
#define PACKAGE_STRING "GNU diffutils 2.8.1"
#define PACKAGE_BUGREPORT "bug-gnu-utils@gnu.org"
#define PACKAGE "diffutils"
#define VERSION "2.8.1"
#ifndef _GNU_SOURCE
# define _GNU_SOURCE
#endif
#define __EXTENSIONS__ 1
#define HAVE_C_VARARRAYS 1
#define DEFAULT_DIFF_PROGRAM "diff"
#define DEFAULT_EDITOR_PROGRAM "ed"
#define PR_PROGRAM "/usr/bin/pr"
#define HAVE_STDBOOL_H 1
#define STDC_HEADERS 1
#define HAVE_SYS_TYPES_H 1
#define HAVE_SYS_STAT_H 1
#define HAVE_STDLIB_H 1
#define HAVE_STRING_H 1
#define HAVE_MEMORY_H 1
#define HAVE_STRINGS_H 1
#define HAVE_INTTYPES_H 1
#define HAVE_STDINT_H 1
#define HAVE_UNISTD_H 1
#define HAVE_FCNTL_H 1
#define HAVE_LIBINTL_H 1
#define HAVE_LIMITS_H 1
#define HAVE_LOCALE_H 1
#define HAVE_STDLIB_H 1
#define HAVE_STRING_H 1
#define HAVE_SYS_FILE_H 1
#define HAVE_TIME_H 1
#define HAVE_UNISTD_H 1
#define HAVE_STRUCT_STAT_ST_BLKSIZE 1
#define HAVE_STRUCT_STAT_ST_RDEV 1
#define HAVE_UNSIGNED_LONG_LONG 1
#define ENABLE_NLS 1
#define HAVE_GETTEXT 1
#define HAVE_DCGETTEXT 1
#define HAVE_DIRENT_H 1
#define HAVE_SYS_WAIT_H 1
#define ST_MTIM_NSEC tv_nsec
#define RETSIGTYPE void
#define HAVE_DUP2 1
#define HAVE_GETTIMEOFDAY 1
#define HAVE_SIGACTION 1
#define HAVE_SIGPROCMASK 1
#define HAVE_STRCHR 1
#define HAVE_STRERROR 1
#define HAVE_TMPNAM 1
#define HAVE_MEMCHR 1
#define HAVE_MKSTEMP 1
#define HAVE_STRCASECMP 1
#define HAVE_WAITPID 1
#define HAVE_UNISTD_H 1
#define HAVE_FORK 1
#define HAVE_VFORK 1
#define HAVE_WORKING_VFORK 1
#define HAVE_WORKING_FORK 1
#define HAVE_VPRINTF 1
#define HAVE_DECL_CLEARERR_UNLOCKED 1
#define HAVE_DECL_FEOF_UNLOCKED 1
#define HAVE_DECL_FERROR_UNLOCKED 1
#define HAVE_DECL_FFLUSH_UNLOCKED 1
#define HAVE_DECL_FGETS_UNLOCKED 1
#define HAVE_DECL_FPUTC_UNLOCKED 1
#define HAVE_DECL_FPUTS_UNLOCKED 1
#define HAVE_DECL_FREAD_UNLOCKED 1
#define HAVE_DECL_FWRITE_UNLOCKED 1
#define HAVE_DECL_GETC_UNLOCKED 1
#define HAVE_DECL_GETCHAR_UNLOCKED 1
#define HAVE_DECL_PUTC_UNLOCKED 1
#define HAVE_DECL_PUTCHAR_UNLOCKED 1
#define TIME_WITH_SYS_TIME 1
#define HAVE_LOCALTIME_R 1
#define HAVE_STRFTIME 1
#define HAVE_LIMITS_H 1
#define HAVE_BCOPY 1
#define HAVE_TZSET 1
#define HAVE_MEMPCPY 1
#define HAVE_MEMCPY 1
#define HAVE_MEMSET 1
#define HAVE_STRUCT_TM_TM_ZONE 1
#define HAVE_TM_ZONE 1
#define HAVE_MBLEN 1
#define HAVE_MBRLEN 1
#define HAVE_TM_GMTOFF 1
#define HAVE_SYS_TIME_H 1
#define my_strftime nstrftime
#define HAVE_DONE_WORKING_MALLOC_CHECK 1
#define HAVE_DONE_WORKING_REALLOC_CHECK 1
#define HAVE_ALLOCA_H 1
#define HAVE_ALLOCA 1
#define HAVE_UNISTD_H 1
#define HAVE_SIGINFO_T 1
#define HAVE_STACK_T 1
#define HAVE_STRERROR 1
#define HAVE_VPRINTF 1
#define HAVE_DECL_STRERROR 1
#define HAVE_DECL_STRERROR_R 1
#define HAVE_STRERROR_R 1
#define STRERROR_R_CHAR_P 1
#define STDC_HEADERS 1
#define PROTOTYPES 1
#define __PROTOTYPES 1
#define HAVE_SETLOCALE 1
#define HAVE_LOCALE_H 1
#define HAVE_STDLIB_H 1
#define HAVE_STRING_H 1
#define HAVE_ISASCII 1
#define HAVE_ISWPRINT 1
#define HAVE_MBRTOWC 1
#define HAVE_LIMITS_H 1
#define HAVE_STDDEF_H 1
#define HAVE_STDLIB_H 1
#define HAVE_STRING_H 1
#define HAVE_WCHAR_H 1
#define HAVE_WCTYPE_H 1
#define STDC_HEADERS 1
#define HAVE_C_BACKSLASH_A 1
#define HAVE_STDLIB_H 1
#define PROTOTYPES 1
#define STDC_HEADERS 1
#define HAVE_STRING_H 1
#define HAVE_BZERO 1
#define HAVE_BCOPY 1
#define HAVE_ISASCII 1
#define HAVE_BTOWC 1
#define HAVE_ALLOCA_H 1
#define HAVE_LIBINTL_H 1
#define HAVE_WCTYPE_H 1
#define HAVE_WCHAR_H 1
#define STDC_HEADERS 1
#define HAVE_ALLOCA_H 1
#define HAVE_ALLOCA 1
#define REGEX_MALLOC 1
#define STDC_HEADERS 1
#define HAVE_FCNTL_H 1
#define HAVE_SYS_TIME_H 1
#define HAVE_STDINT_H 1
#define HAVE_UNISTD_H 1
#define HAVE_GETTIMEOFDAY 1
#define HAVE_DECL_GETENV 1
#define HAVE_LONG_LONG 1
#define HAVE_DECL_STRTOL 1
#define HAVE_DECL_STRTOUL 1
#define HAVE_DECL_STRTOULL 1
#define HAVE_DECL_STRTOIMAX 1
#define HAVE_DECL_STRTOUMAX 1
#define HAVE_LIMITS_H 1
#define HAVE_STDLIB_H 1
#define HAVE_INTTYPES_H 1
#define HAVE_STRTOUMAX 1
#define HAVE_CLOCK_GETTIME 1
#define HAVE_FNMATCH 1
#define FILESYSTEM_ACCEPTS_DRIVE_LETTER_PREFIX 0
#define FILESYSTEM_BACKSLASH_IS_FILE_NAME_SEPARATOR 0
#define HAVE_FCNTL_H 1
#define HAVE_UNISTD_H 1

configure: exit 0
